<?xml version="1.0" encoding="UTF-8"?>
<testsuite xmlns:xsi="http://www.w3.org/2001/XMLSchema-instance" xsi:noNamespaceSchemaLocation="https://maven.apache.org/surefire/maven-surefire-plugin/xsd/surefire-test-report-3.0.xsd" version="3.0" name="com.example.javade.JavadeApplicationTests" time="4.145" tests="1" errors="0" skipped="0" failures="0">
  <properties>
[...]
</properties>
  <testcase name="contextLoads" classname="com.example.javade.JavadeApplicationTests" time="1.631">
    <system-out><![CDATA[15:10:11.949 [main] INFO org.springframework.test.context.support.AnnotationConfigContextLoaderUtils -- Could not detect default configuration classes for test class [com.example.javade.JavadeApplicationTests]: JavadeApplicationTests does not declare any static, non-private, non-final, nested classes annotated with @Configuration.
15:10:12.177 [main] INFO org.springframework.boot.test.context.SpringBootTestContextBootstrapper -- Found @SpringBootConfiguration com.example.javade.JavadeApplication for test class com.example.javade.JavadeApplicationTests

  .   ____          _            __ _ _
 /\\ / ___'_ __ _ _(_)_ __  __ _ \ \ \ \
( ( )\___ | '_ | '_| | '_ \/ _` | \ \ \ \
 \\/  ___)| |_)| | | | | || (_| |  ) ) ) )
  '  |____| .__|_| |_|_| |_\__, | / / / /
 =========|_|==============|___/=/_/_/_/
 :: Spring Boot ::                (v3.2.1)

2023-12-28T15:10:12.963-06:00  INFO 5692 --- [           main] c.example.javade.JavadeApplicationTests  : Starting JavadeApplicationTests using Java 21.0.1 with PID 5692 (started by Siva Teja Reddy in C:\Users\Siva Teja Reddy\pract\javade\javade)
2023-12-28T15:10:12.963-06:00  INFO 5692 --- [           main] c.example.javade.JavadeApplicationTests  : No active profile set, falling back to 1 default profile: "default"
2023-12-28T15:10:14.041-06:00  INFO 5692 --- [           main] c.example.javade.JavadeApplicationTests  : Started JavadeApplicationTests in 1.581 seconds (process running for 3.433)
]]></system-out>
    <system-err><![CDATA[WARNING: A Java agent has been loaded dynamically (C:\Users\Siva Teja Reddy\.m2\repository\net\bytebuddy\byte-buddy-agent\1.14.10\byte-buddy-agent-1.14.10.jar)
WARNING: If a serviceability tool is in use, please run with -XX:+EnableDynamicAgentLoading to hide this warning
WARNING: If a serviceability tool is not in use, please run with -Djdk.instrument.traceUsage for more information
WARNING: Dynamic loading of agents will be disallowed by default in a future release
]]></system-err>
  </testcase>
</testsuite>